0 info it worked if it ends with ok
1 verbose cli [ '/usr/local/Cellar/node/0.10.3/bin/node',
1 verbose cli   '/usr/local/bin/npm',
1 verbose cli   'start' ]
2 info using npm@1.2.17
3 info using node@v0.10.3
4 verbose read json /Users/jcw/Documents/Briqs/adhoq-git/examples/minimal-reload/package.json
5 error Error: ENOENT, open '/Users/jcw/Documents/Briqs/adhoq-git/examples/minimal-reload/package.json'
6 error If you need help, you may report this log at:
6 error     <http://github.com/isaacs/npm/issues>
6 error or email it to:
6 error     <npm-@googlegroups.com>
7 error System Darwin 12.3.0
8 error command "/usr/local/Cellar/node/0.10.3/bin/node" "/usr/local/bin/npm" "start"
9 error cwd /Users/jcw/Documents/Briqs/adhoq-git/examples/minimal-reload
10 error node -v v0.10.3
11 error npm -v 1.2.17
12 error path /Users/jcw/Documents/Briqs/adhoq-git/examples/minimal-reload/package.json
13 error code ENOENT
14 error errno 34
15 verbose exit [ 34, true ]
